[04Oct2025 00:03:13.829] [Server thread/INFO] [net.minecraft.server.MinecraftServer/]: [Ghost2026yT: Gave 1 [Command Block] to Ghost2026yT]
[04Oct2025 00:05:20.098] [Server thread/INFO] [net.minecraft.server.MinecraftServer/]: Ghost2026yT was killed
[04Oct2025 00:05:20.099] [Server thread/INFO] [net.minecraft.server.MinecraftServer/]: [Ghost2026yT: Killed Ghost2026yT]
[04Oct2025 00:05:51.890] [Server thread/INFO] [net.minecraft.server.MinecraftServer/]: [Ghost2026yT: Teleported Ghost2026yT to 0.500000, 0.000000, 0.500000]
[04Oct2025 00:05:51.891] [Server thread/WARN] [net.minecraft.server.MinecraftServer/]: Can't keep up! Is the server overloaded? Running 4929ms or 98 ticks behind
[04Oct2025 00:05:53.482] [Server thread/INFO] [net.minecraft.server.MinecraftServer/]: [Ghost2026yT: Set own game mode to Spectator Mode]
[04Oct2025 00:06:18.180] [Server thread/INFO] [net.minecraft.server.MinecraftServer/]: [Ghost2026yT: Teleported Ghost2026yT to 100.500000, 80.000000, 100.500000]
[04Oct2025 00:06:50.488] [Server thread/INFO] [net.minecraft.server.MinecraftServer/]: [Ghost2026yT: Set own game mode to Creative Mode]
[04Oct2025 00:06:56.593] [Server thread/INFO] [net.minecraft.server.MinecraftServer/]: [Ghost2026yT: Set the world spawn point to 196, 93, -106 [0.0]]
[04Oct2025 00:06:59.883] [Server thread/INFO] [net.minecraft.server.MinecraftServer/]: Ghost2026yT was killed
[04Oct2025 00:06:59.887] [Server thread/INFO] [net.minecraft.server.MinecraftServer/]: [Ghost2026yT: Killed Ghost2026yT]
[04Oct2025 00:07:22.243] [Server thread/INFO] [net.minecraft.server.MinecraftServer/]: [Ghost2026yT: Revoked 1321 advancements from Ghost2026yT]
[04Oct2025 00:07:36.621] [Server thread/INFO] [net.minecraft.server.MinecraftServer/]: [Ghost2026yT: Set own game mode to Survival Mode]
[04Oct2025 00:07:42.783] [Server thread/WARN] [net.minecraft.server.network.ServerGamePacketListenerImpl/]: Ghost2026yT was kicked for floating too long!
[04Oct2025 00:07:42.835] [Server thread/INFO] [net.minecraft.server.network.ServerGamePacketListenerImpl/]: Ghost2026yT lost connection: Flying is not enabled on this server
[04Oct2025 00:07:42.836] [Server thread/INFO] [net.minecraft.server.MinecraftServer/]: Ghost2026yT left the game
[04Oct2025 00:07:51.588] [Server thread/INFO] [net.minecraft.server.players.PlayerList/]: Ghost2026yT[/100.67.52.59:58868] logged in with entity id 2251 at (192.80647935151782, 92.1212968405392, -89.97197193567423)
[04Oct2025 00:07:51.657] [Server thread/INFO] [net.minecraft.server.MinecraftServer/]: Ghost2026yT joined the game
[04Oct2025 00:08:42.935] [Server thread/INFO] [net.minecraft.server.players.PlayerList/]: muela[/100.116.191.5:47040] logged in with entity id 2395 at (204.5, 93.0, -103.5)
[04Oct2025 00:08:42.970] [Server thread/INFO] [net.minecraft.server.MinecraftServer/]: muela joined the game
[04Oct2025 00:08:47.848] [Server thread/INFO] [net.minecraft.server.MinecraftServer/]: [Not Secure] <Ghost2026yT> muchacho
[04Oct2025 00:09:24.935] [Server thread/INFO] [net.minecraft.server.MinecraftServer/]: [Not Secure] <Ghost2026yT> y que era?
[04Oct2025 00:11:14.626] [Server thread/INFO] [net.minecraft.server.MinecraftServer/]: [Not Secure] <muela> r
[04Oct2025 00:11:29.093] [Server thread/INFO] [net.minecraft.server.MinecraftServer/]: [Not Secure] <muela> bien
[04Oct2025 00:11:32.772] [Server thread/INFO] [net.minecraft.server.MinecraftServer/]: [Not Secure] <Ghost2026yT> god
[04Oct2025 00:11:39.424] [Server thread/INFO] [net.minecraft.server.MinecraftServer/]: Ghost2026yT has made the advancement [Stone Age]
[04Oct2025 00:12:09.274] [Server thread/INFO] [net.minecraft.server.MinecraftServer/]: Ghost2026yT has made the advancement [Getting an Upgrade]
[04Oct2025 00:12:09.923] [Server thread/INFO] [net.minecraft.server.MinecraftServer/]: muela has made the advancement [Stone Age]
[04Oct2025 00:13:00.585] [Server thread/INFO] [net.minecraft.server.MinecraftServer/]: [Not Secure] <Ghost2026yT> se hace de noche
[04Oct2025 00:13:10.026] [Server thread/INFO] [net.minecraft.server.MinecraftServer/]: [Not Secure] <Ghost2026yT> mano manana le diremos a jona
[04Oct2025 00:13:20.280] [Server thread/INFO] [net.minecraft.server.MinecraftServer/]: [Not Secure] <Ghost2026yT> men hay loot escondido en las naves
[04Oct2025 00:13:22.490] [Server thread/INFO] [net.minecraft.server.MinecraftServer/]: [Not Secure] <muela> me doy cuenta
[04Oct2025 00:13:26.132] [Server thread/INFO] [net.minecraft.server.MinecraftServer/]: [Not Secure] <Ghost2026yT> lo acabo de descubrir
[04Oct2025 00:13:28.472] [Server thread/INFO] [net.minecraft.server.MinecraftServer/]: [Not Secure] <Ghost2026yT> ?
[04Oct2025 00:14:31.547] [Server thread/INFO] [net.minecraft.server.MinecraftServer/]: Ghost2026yT has made the advancement [Monster Hunter]
[04Oct2025 00:14:39.974] [Server thread/INFO] [net.minecraft.server.MinecraftServer/]: [Not Secure] <Ghost2026yT> esta el mantener inventario activo
[04Oct2025 00:15:29.207] [Server thread/INFO] [net.minecraft.server.MinecraftServer/]: [Not Secure] <muela> r
[04Oct2025 00:15:33.356] [Server thread/INFO] [net.minecraft.server.MinecraftServer/]: [Not Secure] <Ghost2026yT> r
[04Oct2025 00:16:01.105] [Server thread/INFO] [net.minecraft.server.MinecraftServer/]: [Not Secure] <muela> es que mi r creo que este intercalada con la t
[04Oct2025 00:16:10.099] [Server thread/INFO] [net.minecraft.server.MinecraftServer/]: [Not Secure] <muela> no se porque
[04Oct2025 00:16:15.761] [Server thread/INFO] [net.minecraft.server.MinecraftServer/]: [Not Secure] <Ghost2026yT> XDD
[04Oct2025 00:16:25.257] [Server thread/INFO] [net.minecraft.server.MinecraftServer/]: [Not Secure] <Ghost2026yT> eso lo arreglamos despues
[04Oct2025 00:16:45.673] [Server thread/INFO] [net.minecraft.server.MinecraftServer/]: Ghost2026yT was slain by Zombie
[04Oct2025 00:16:50.837] [Server thread/INFO] [net.minecraft.server.MinecraftServer/]: [Not Secure] <muela> en donde estás
[04Oct2025 00:18:14.076] [Server thread/INFO] [net.minecraft.server.MinecraftServer/]: [Not Secure] <Ghost2026yT> si me quedo quieto es por que estoy revisando el wolrdmao
[04Oct2025 00:18:52.941] [Server thread/INFO] [net.minecraft.server.MinecraftServer/]: [Not Secure] <muela> cuidado
[04Oct2025 00:19:00.424] [Server thread/INFO] [net.minecraft.server.MinecraftServer/]: Ghost2026yT has made the advancement [Sweet Dreams]
[04Oct2025 00:19:01.685] [Server thread/INFO] [net.minecraft.server.MinecraftServer/]: muela has made the advancement [Sweet Dreams]
[04Oct2025 00:19:37.707] [Server thread/INFO] [net.minecraft.server.MinecraftServer/]: [Not Secure] <Ghost2026yT> aldea
[04Oct2025 00:19:40.447] [Server thread/INFO] [net.minecraft.server.MinecraftServer/]: [Not Secure] <Ghost2026yT> sigueme
[04Oct2025 00:20:29.083] [Server thread/INFO] [net.minecraft.server.MinecraftServer/]: [Not Secure] <Ghost2026yT> se viene esclavizacion
[04Oct2025 00:20:41.681] [Server thread/INFO] [net.minecraft.server.MinecraftServer/]: [Not Secure] <muela> esta monda es grande
[04Oct2025 00:20:46.522] [Server thread/INFO] [net.minecraft.server.MinecraftServer/]: [Not Secure] <Ghost2026yT> si al menos
[04Oct2025 00:21:34.924] [Server thread/INFO] [net.minecraft.server.MinecraftServer/]: Ghost2026yT has made the advancement [Acquire Hardware]
[04Oct2025 00:21:35.480] [Server thread/INFO] [net.minecraft.server.MinecraftServer/]: [Not Secure] <muela> oye mientras tú haces tú imperio yo voy a seguir explorando un poco
[04Oct2025 00:21:41.137] [Server thread/INFO] [net.minecraft.server.MinecraftServer/]: [Not Secure] <Ghost2026yT> dale
[04Oct2025 00:21:51.525] [Server thread/INFO] [net.minecraft.server.MinecraftServer/]: [Not Secure] <Ghost2026yT> Imperio XDDD
[04Oct2025 00:22:06.085] [Server thread/INFO] [net.minecraft.server.MinecraftServer/]: [Not Secure] <muela> espero encontrarme con la casa o la nave o los dos
[04Oct2025 00:22:12.931] [Server thread/INFO] [net.minecraft.server.MinecraftServer/]: [Not Secure] <Ghost2026yT> seria god
[04Oct2025 00:22:22.828] [Server thread/INFO] [net.minecraft.server.MinecraftServer/]: [Not Secure] <Ghost2026yT> mano me tienes que pasar la skin
[04Oct2025 00:23:20.987] [Server thread/INFO] [net.minecraft.server.MinecraftServer/]: [Not Secure] <muela> encontré una mina
[04Oct2025 00:24:15.528] [Server thread/INFO] [net.minecraft.server.MinecraftServer/]: [Not Secure] <muela> r
[04Oct2025 00:25:27.008] [Server thread/INFO] [net.minecraft.server.MinecraftServer/]: Ghost2026yT has made the advancement [Isn't It Iron Pick]
[04Oct2025 00:26:42.507] [Server thread/INFO] [net.minecraft.server.MinecraftServer/]: [Not Secure] <Ghost2026yT> men ya looteastes la aldea
[04Oct2025 00:26:55.128] [Server thread/INFO] [net.minecraft.server.MinecraftServer/]: [Not Secure] <muela> no mucho
[04Oct2025 00:27:14.755] [Server thread/INFO] [net.minecraft.server.MinecraftServer/]: [Not Secure] <muela> oye tienes hierro
[04Oct2025 00:27:18.148] [Server thread/INFO] [net.minecraft.server.MinecraftServer/]: [Not Secure] <Ghost2026yT> 2
[04Oct2025 00:27:35.027] [Server thread/INFO] [net.minecraft.server.MinecraftServer/]: [Not Secure] <Ghost2026yT> y fue por el golem
[04Oct2025 00:28:08.125] [Server thread/INFO] [net.minecraft.server.MinecraftServer/]: [Not Secure] <muela> el material de las galvan se puede minar con un pico de piedra
[04Oct2025 00:28:12.975] [Server thread/INFO] [net.minecraft.server.MinecraftServer/]: [Not Secure] <Ghost2026yT> no
[04Oct2025 00:28:19.933] [Server thread/INFO] [net.minecraft.server.MinecraftServer/]: [Not Secure] <Ghost2026yT> por>
[04Oct2025 00:28:23.801] [Server thread/INFO] [net.minecraft.server.MinecraftServer/]: [Not Secure] <Ghost2026yT> ?
[04Oct2025 00:28:31.995] [Server thread/INFO] [net.minecraft.server.MinecraftServer/]: [Not Secure] <Ghost2026yT> a buscar madera
[04Oct2025 00:28:35.126] [Server thread/INFO] [net.minecraft.server.MinecraftServer/]: muela has made the advancement [Getting an Upgrade]
[04Oct2025 00:29:15.082] [Server thread/INFO] [net.minecraft.server.MinecraftServer/]: [Ghost2026yT: Teleported Ghost2026yT to 399.500000, 64.500000, 51.500000]
[04Oct2025 00:29:20.391] [Server thread/INFO] [net.minecraft.server.MinecraftServer/]: [Not Secure] <Ghost2026yT> duerme
[04Oct2025 00:29:41.099] [Server thread/INFO] [net.minecraft.world.entity.npc.Villager/]: Villager Villager['Nitwit'/4226, l='ServerLevel[world]', x=403.73, y=65.00, z=62.29] died, message: 'Nitwit was slain by Ghost2026yT'
[04Oct2025 00:30:13.695] [Server thread/INFO] [net.minecraft.server.MinecraftServer/]: [Not Secure] <Ghost2026yT> ZZZZZZZZ
[04Oct2025 00:30:57.957] [Server thread/INFO] [net.minecraft.server.MinecraftServer/]: [Not Secure] <Ghost2026yT> si necesitas comida agarra los bloques de paja y has pan
[04Oct2025 00:31:48.020] [Server thread/INFO] [net.minecraft.world.entity.npc.Villager/]: Villager Villager['Fisherman'/2067, l='ServerLevel[world]', x=349.22, y=55.05, z=26.70] died, message: 'Fisherman drowned'
[04Oct2025 00:33:29.082] [Server thread/INFO] [net.minecraft.server.MinecraftServer/]: [Not Secure] <Ghost2026yT> no me esta gustando que parece que estamos en una isla
[04Oct2025 00:34:35.949] [Server thread/INFO] [net.minecraft.server.MinecraftServer/]: [Not Secure] <Ghost2026yT> bosque de pino
[04Oct2025 00:34:38.332] [Server thread/INFO] [net.minecraft.server.MinecraftServer/]: muela has made the advancement [Monster Hunter]
[04Oct2025 00:34:39.944] [Server thread/INFO] [net.minecraft.server.MinecraftServer/]: [Not Secure] <muela> r
[04Oct2025 00:35:06.326] [Server thread/INFO] [net.minecraft.server.MinecraftServer/]: [Not Secure] <muela> conseguí hierro
[04Oct2025 00:35:13.879] [Server thread/INFO] [net.minecraft.server.MinecraftServer/]: [Not Secure] <Ghost2026yT> yo igual
[04Oct2025 00:37:22.293] [Server thread/INFO] [net.minecraft.server.MinecraftServer/]: [Not Secure] <Ghost2026yT> men el cielo me asusto
[04Oct2025 00:37:25.948] [Server thread/INFO] [net.minecraft.server.MinecraftServer/]: [Not Secure] <Ghost2026yT> veo un rostro
[04Oct2025 00:37:30.377] [Server thread/INFO] [net.minecraft.server.MinecraftServer/]: [Not Secure] <Ghost2026yT> me cague XDDDDD
[04Oct2025 00:37:40.408] [Server thread/INFO] [net.minecraft.server.MinecraftServer/]: [Not Secure] <muela> no me asustes
[04Oct2025 00:37:53.328] [Server thread/INFO] [net.minecraft.server.MinecraftServer/]: muela was slain by Zombie
[04Oct2025 00:38:13.354] [Server thread/INFO] [net.minecraft.server.MinecraftServer/]: [Not Secure] <muela> r
[04Oct2025 00:38:20.035] [Server thread/INFO] [net.minecraft.server.MinecraftServer/]: [Not Secure] <Ghost2026yT> XD
[04Oct2025 00:38:43.446] [Server thread/INFO] [net.minecraft.server.MinecraftServer/]: [Not Secure] <Ghost2026yT> un iglo
[04Oct2025 00:39:01.552] [Server thread/INFO] [net.minecraft.server.MinecraftServer/]: muela has made the advancement [Acquire Hardware]
[04Oct2025 00:39:11.883] [Server thread/INFO] [net.minecraft.server.MinecraftServer/]: [Not Secure] <Ghost2026yT> men todo esto es puro nieve y hielo
[04Oct2025 00:39:57.626] [Server thread/INFO] [net.minecraft.server.MinecraftServer/]: [Not Secure] <muela> en donde estas
[04Oct2025 00:40:04.686] [Server thread/INFO] [net.minecraft.server.MinecraftServer/]: [Not Secure] <Ghost2026yT> tirado pa la verga
[04Oct2025 00:40:08.626] [Server thread/INFO] [net.minecraft.server.MinecraftServer/]: [Not Secure] <Ghost2026yT> explorando
[04Oct2025 00:40:14.938] [Server thread/INFO] [net.minecraft.server.MinecraftServer/]: [Not Secure] <Ghost2026yT> y no va bien
[04Oct2025 00:42:12.170] [Server thread/INFO] [net.minecraft.server.MinecraftServer/]: [Not Secure] <Ghost2026yT> un barco
[04Oct2025 00:42:17.639] [Server thread/INFO] [net.minecraft.server.MinecraftServer/]: [Not Secure] <Ghost2026yT> metido en un aisber
[04Oct2025 00:45:01.905] [Server thread/INFO] [net.minecraft.server.MinecraftServer/]: [Ghost2026yT: Teleported Ghost2026yT to 399.500000, 64.500000, 51.500000]
[04Oct2025 00:45:08.749] [Server thread/INFO] [net.minecraft.server.MinecraftServer/]: [Not Secure] <Ghost2026yT> volvi
[04Oct2025 00:45:30.073] [Server thread/INFO] [net.minecraft.server.MinecraftServer/]: [Not Secure] <Ghost2026yT> dond estas
[04Oct2025 00:45:45.158] [Server thread/INFO] [net.minecraft.server.MinecraftServer/]: [Not Secure] <muela> en la mina
[04Oct2025 00:46:44.320] [Server thread/INFO] [net.minecraft.server.MinecraftServer/]: [Not Secure] <muela> oye alumbra ahi
[04Oct2025 00:47:08.622] [Server thread/INFO] [net.minecraft.server.MinecraftServer/]: [Ghost2026yT: Teleported Ghost2026yT to 399.500000, 64.500000, 51.500000]
[04Oct2025 00:47:44.739] [Server thread/INFO] [net.minecraft.server.MinecraftServer/]: [Not Secure] <Ghost2026yT> deberiamos dormir
[04Oct2025 00:48:02.642] [Server thread/INFO] [net.minecraft.server.MinecraftServer/]: [Ghost2026yT: Config for xaeroworldmap of type SERVER not found]
[04Oct2025 00:48:08.280] [Server thread/INFO] [net.minecraft.server.MinecraftServer/]: [Ghost2026yT: Config for xaeroworldmap of type CLIENT not found]
[04Oct2025 00:49:47.210] [Server thread/INFO] [net.minecraft.server.MinecraftServer/]: [Not Secure] <muela> conseguí cobre para los pararrayos
[04Oct2025 00:50:00.427] [Server thread/INFO] [net.minecraft.server.MinecraftServer/]: [Not Secure] <Ghost2026yT> pero aun no tenemos el omnitrix
[04Oct2025 00:50:07.372] [Server thread/INFO] [net.minecraft.server.MinecraftServer/]: [Not Secure] <muela> r
[04Oct2025 00:50:09.177] [Server thread/INFO] [net.minecraft.server.MinecraftServer/]: [Not Secure] <Ghost2026yT> nisiquiera estamos cerca
[04Oct2025 00:50:25.223] [Server thread/INFO] [net.minecraft.server.MinecraftServer/]: [Not Secure] <muela> lo sé pero es para tenerlos de una vez
[04Oct2025 00:50:29.850] [Server thread/INFO] [net.minecraft.server.MinecraftServer/]: [Not Secure] <Ghost2026yT> viendo nuestro mapa
[04Oct2025 00:50:41.077] [Server thread/INFO] [net.minecraft.server.MinecraftServer/]: [Not Secure] <Ghost2026yT> en algun momento tendremos que abandonar este lugar
[04Oct2025 00:50:46.949] [Server thread/INFO] [net.minecraft.server.MinecraftServer/]: [Not Secure] <Ghost2026yT> si queremos el omnitrix
[04Oct2025 00:51:14.001] [Server thread/INFO] [net.minecraft.server.MinecraftServer/]: [Not Secure] <muela> lo sé así que guardaré la ubicación
[04Oct2025 00:51:29.097] [Server thread/INFO] [net.minecraft.server.MinecraftServer/]: [Not Secure] <Ghost2026yT> mano mueve tu cama el horno y tu mesa por fa
[04Oct2025 00:51:39.188] [Server thread/INFO] [net.minecraft.server.MinecraftServer/]: [Not Secure] <Ghost2026yT> pa hacer la zona de concentracion
[04Oct2025 00:51:42.831] [Server thread/INFO] [net.minecraft.server.MinecraftServer/]: [Not Secure] <Ghost2026yT> digo de hacer amigos
[04Oct2025 00:52:26.682] [Server thread/INFO] [net.minecraft.server.MinecraftServer/]: [Ghost2026yT: Teleported Ghost2026yT to 399.500000, 64.500000, 51.500000]
[04Oct2025 00:54:25.326] [Server thread/INFO] [net.minecraft.server.MinecraftServer/]: [Not Secure] <muela> te perdi
[04Oct2025 00:54:36.043] [Server thread/INFO] [net.minecraft.server.MinecraftServer/]: [Not Secure] <Ghost2026yT> toy en la aldea
[04Oct2025 00:54:44.997] [Server thread/INFO] [net.minecraft.server.MinecraftServer/]: [Not Secure] <muela> no nos íbamos
[04Oct2025 00:54:53.496] [Server thread/INFO] [net.minecraft.server.MinecraftServer/]: [Not Secure] <Ghost2026yT> aun no
[04Oct2025 00:55:03.098] [Server thread/INFO] [net.minecraft.server.MinecraftServer/]: [Not Secure] <Ghost2026yT> primero vamos a chetarnos
[04Oct2025 00:55:11.022] [Server thread/INFO] [net.minecraft.server.MinecraftServer/]: [Not Secure] <Ghost2026yT> con los aldeanos
[04Oct2025 00:55:23.005] [Server thread/INFO] [net.minecraft.server.MinecraftServer/]: [Not Secure] <Ghost2026yT> este sera donde tengamos todos los aldenos
[04Oct2025 00:55:39.501] [Server thread/INFO] [net.minecraft.server.MinecraftServer/]: [Not Secure] <Ghost2026yT> mano traeme todas las camas
[04Oct2025 00:55:45.345] [Server thread/INFO] [net.minecraft.server.MinecraftServer/]: [Not Secure] <Ghost2026yT> de los aldenos
[04Oct2025 00:57:57.779] [Server thread/INFO] [net.minecraft.server.MinecraftServer/]: [Not Secure] <Ghost2026yT> ayudame a traer todas las camas
[04Oct2025 00:59:17.476] [Server thread/INFO] [net.minecraft.server.MinecraftServer/]: [Not Secure] <Ghost2026yT> quita tu cama pa que no la detecten
[04Oct2025 00:59:35.629] [Server thread/INFO] [net.minecraft.server.MinecraftServer/]: [Not Secure] <muela> la tengo en mi inventario
[04Oct2025 00:59:39.425] [Server thread/INFO] [net.minecraft.server.MinecraftServer/]: [Not Secure] <Ghost2026yT> bien
[04Oct2025 00:59:39.976] [Server thread/INFO] [net.minecraft.server.MinecraftServer/]: [Not Secure] <muela> r
[04Oct2025 00:59:45.493] [Server thread/INFO] [net.minecraft.server.MinecraftServer/]: [Not Secure] <Ghost2026yT> ahora solo busca todas las camas
[04Oct2025 01:00:21.328] [Server thread/INFO] [net.minecraft.server.MinecraftServer/]: [Not Secure] <Ghost2026yT> men tienes un alto horno?
[04Oct2025 01:00:29.649] [Server thread/INFO] [net.minecraft.server.MinecraftServer/]: [Not Secure] <muela> si
[04Oct2025 01:00:45.687] [Server thread/INFO] [net.minecraft.server.MinecraftServer/]: [Not Secure] <Ghost2026yT> lo necesito con el podemos sacar o armadura o herramientas
[04Oct2025 01:02:39.532] [Server thread/INFO] [net.minecraft.server.MinecraftServer/]: [Not Secure] <Ghost2026yT> ven sal
[04Oct2025 01:03:04.449] [Server thread/INFO] [net.minecraft.server.MinecraftServer/]: [Not Secure] <Ghost2026yT> ahora si podemos dormir
[04Oct2025 01:03:37.776] [Server thread/INFO] [net.minecraft.server.MinecraftServer/]: [Not Secure] <muela> r
[04Oct2025 01:03:45.434] [Server thread/INFO] [net.minecraft.server.MinecraftServer/]: [Not Secure] <Ghost2026yT> duerme
[04Oct2025 01:04:27.424] [Server thread/INFO] [net.minecraft.server.MinecraftServer/]: [Not Secure] <Ghost2026yT> men quita todas las mesas de trabajo fuera del cubo
[04Oct2025 01:04:59.189] [Server thread/INFO] [net.minecraft.server.MinecraftServer/]: [Not Secure] <muela> r
[04Oct2025 01:05:13.532] [Server thread/INFO] [net.minecraft.server.MinecraftServer/]: [Not Secure] <muela> r
[04Oct2025 01:05:44.822] [Server thread/INFO] [net.minecraft.server.MinecraftServer/]: Ghost2026yT has made the advancement [Not Today, Thank You]
[04Oct2025 01:06:31.925] [Server thread/INFO] [net.minecraft.server.MinecraftServer/]: [Not Secure] <muela> r
[04Oct2025 01:06:46.890] [Server thread/INFO] [net.minecraft.server.MinecraftServer/]: [Not Secure] <muela> r
[04Oct2025 01:07:35.189] [Server thread/INFO] [net.minecraft.server.MinecraftServer/]: [Not Secure] <muela> r
[04Oct2025 01:07:45.254] [Server thread/INFO] [net.minecraft.server.MinecraftServer/]: Ghost2026yT has made the advancement [Suit Up]
[04Oct2025 01:07:55.890] [Server thread/INFO] [net.minecraft.server.MinecraftServer/]: [Not Secure] <muela> r
[04Oct2025 01:08:39.172] [Server thread/INFO] [net.minecraft.server.MinecraftServer/]: [Not Secure] <Ghost2026yT> mano si puedes farmea madera o no se que quieras hacer
[04Oct2025 01:08:46.887] [Server thread/INFO] [net.minecraft.server.MinecraftServer/]: [Not Secure] <Ghost2026yT> yo estare farmeando con los aldeanos
[04Oct2025 01:09:41.558] [Server thread/INFO] [net.minecraft.server.MinecraftServer/]: [Not Secure] <muela> r
[04Oct2025 01:13:20.736] [Server thread/INFO] [net.minecraft.server.MinecraftServer/]: [Not Secure] <Ghost2026yT> ufff god
[04Oct2025 01:13:51.860] [Server thread/INFO] [net.minecraft.server.MinecraftServer/]: [Not Secure] <Ghost2026yT> mira
[04Oct2025 01:14:34.656] [Server thread/INFO] [net.minecraft.server.MinecraftServer/]: Ghost2026yT has made the advancement [What a Deal!]
[04Oct2025 01:15:18.379] [Server thread/INFO] [net.minecraft.world.entity.npc.Villager/]: Villager Villager['Farmer'/10948, l='ServerLevel[world]', x=411.69, y=61.65, z=80.30] died, message: 'Farmer was slain by Ghost2026yT'
[04Oct2025 01:15:34.817] [Server thread/INFO] [net.minecraft.server.MinecraftServer/]: [Ghost2026yT: Teleported Ghost2026yT to 168.500000, 66.500000, -485.500000]
[04Oct2025 01:15:43.630] [Server thread/INFO] [net.minecraft.server.MinecraftServer/]: muela fell from a high place
[04Oct2025 01:15:46.898] [Server thread/INFO] [net.minecraft.server.MinecraftServer/]: [Ghost2026yT: Teleported Ghost2026yT to 399.500000, 64.500000, 51.500000]
[04Oct2025 01:15:48.806] [Server thread/INFO] [net.minecraft.server.MinecraftServer/]: [Not Secure] <Ghost2026yT> XDD
[04Oct2025 01:15:52.305] [Server thread/INFO] [net.minecraft.server.MinecraftServer/]: [Not Secure] <Ghost2026yT> que paso?
[04Oct2025 01:16:46.255] [Server thread/INFO] [net.minecraft.server.MinecraftServer/]: [Not Secure] <muela> me suicide para respaunear con mi cama y al parecer no está en la respectiva casa en donde la deje
[04Oct2025 01:17:01.825] [Server thread/INFO] [net.minecraft.server.MinecraftServer/]: [Not Secure] <Ghost2026yT> donde estas?
[04Oct2025 01:17:36.124] [Server thread/INFO] [net.minecraft.server.MinecraftServer/]: muela has made the advancement [Not Today, Thank You]
[04Oct2025 01:17:44.177] [Server thread/INFO] [net.minecraft.server.MinecraftServer/]: [Not Secure] <Ghost2026yT> men que aldeanos de mierda
[04Oct2025 01:17:52.077] [Server thread/INFO] [net.minecraft.server.MinecraftServer/]: [Not Secure] <Ghost2026yT> tienen los precios subidos
[04Oct2025 01:18:02.287] [Server thread/INFO] [net.minecraft.server.MinecraftServer/]: [Not Secure] <Ghost2026yT> necesito que duermas
[04Oct2025 01:19:24.855] [Server thread/INFO] [net.minecraft.server.MinecraftServer/]: [Not Secure] <muela> r
[04Oct2025 01:20:04.628] [Server thread/INFO] [net.minecraft.server.MinecraftServer/]: [Not Secure] <Ghost2026yT> duerme
[04Oct2025 01:20:07.621] [Server thread/INFO] [net.minecraft.server.MinecraftServer/]: [Not Secure] <muela> no tengo cama
[04Oct2025 01:20:14.607] [Server thread/INFO] [net.minecraft.server.MinecraftServer/]: [Not Secure] <Ghost2026yT> como que no
[04Oct2025 01:20:29.671] [Server thread/INFO] [net.minecraft.server.MinecraftServer/]: [Not Secure] <muela> creo que desapareció
[04Oct2025 01:20:40.601] [Server thread/INFO] [net.minecraft.server.MinecraftServer/]: [Not Secure] <Ghost2026yT> bueno no importa
[04Oct2025 01:20:43.296] [Server thread/INFO] [net.minecraft.server.MinecraftServer/]: [Not Secure] <Ghost2026yT> quedate con esa
[04Oct2025 01:21:30.349] [Server thread/INFO] [net.minecraft.server.MinecraftServer/]: muela has made the advancement [Suit Up]
[04Oct2025 01:22:52.975] [Server thread/INFO] [net.minecraft.server.MinecraftServer/]: [Not Secure] <Ghost2026yT> tengo que buscar madera
[04Oct2025 01:23:00.279] [Server thread/INFO] [net.minecraft.server.MinecraftServer/]: [Ghost2026yT: Teleported Ghost2026yT to 168.500000, 66.500000, -485.500000]
[04Oct2025 01:24:29.137] [Server thread/INFO] [net.minecraft.server.MinecraftServer/]: [Not Secure] <muela> r
[04Oct2025 01:24:42.979] [Server thread/INFO] [net.minecraft.server.MinecraftServer/]: [Ghost2026yT: Teleported Ghost2026yT to 399.500000, 64.500000, 51.500000]
[04Oct2025 01:24:57.711] [Server thread/INFO] [net.minecraft.server.MinecraftServer/]: [Not Secure] <muela> en donde estas
[04Oct2025 01:25:07.596] [Server thread/INFO] [net.minecraft.server.MinecraftServer/]: [Not Secure] <muela> y trae brotes
[04Oct2025 01:25:34.900] [Server thread/INFO] [net.minecraft.server.MinecraftServer/]: [Not Secure] <Ghost2026yT> en eso estoy
[04Oct2025 01:25:38.868] [Server thread/INFO] [net.minecraft.server.MinecraftServer/]: [Ghost2026yT: Teleported Ghost2026yT to 168.500000, 66.500000, -485.500000]
[04Oct2025 01:26:04.080] [Server thread/INFO] [net.minecraft.server.MinecraftServer/]: [Not Secure] <muela> mano me voy seguimos mañana
[04Oct2025 01:26:05.982] [Server thread/INFO] [net.minecraft.server.network.ServerGamePacketListenerImpl/]: muela lost connection: Disconnected
[04Oct2025 01:26:05.983] [Server thread/INFO] [net.minecraft.server.MinecraftServer/]: muela left the game
[04Oct2025 01:26:51.759] [Server thread/INFO] [net.minecraft.server.MinecraftServer/]: [Ghost2026yT: Teleported Ghost2026yT to 399.500000, 64.500000, 51.500000]
[04Oct2025 01:27:09.371] [Server thread/WARN] [net.minecraft.server.network.ServerGamePacketListenerImpl/]: Ghost2026yT was kicked for floating too long!
[04Oct2025 01:27:09.421] [Server thread/INFO] [net.minecraft.server.network.ServerGamePacketListenerImpl/]: Ghost2026yT lost connection: Flying is not enabled on this server
[04Oct2025 01:27:09.422] [Server thread/INFO] [net.minecraft.server.MinecraftServer/]: Ghost2026yT left the game
[04Oct2025 01:27:25.703] [Server thread/INFO] [net.minecraft.server.players.PlayerList/]: Ghost2026yT[/100.67.52.59:34628] logged in with entity id 23315 at (414.9203937839033, 65.02442408821369, 68.77108769413708)
[04Oct2025 01:27:25.736] [Server thread/INFO] [net.minecraft.server.MinecraftServer/]: Ghost2026yT joined the game
[04Oct2025 01:28:40.920] [Server thread/INFO] [net.minecraft.server.network.ServerGamePacketListenerImpl/]: Ghost2026yT lost connection: Timed out
[04Oct2025 01:28:40.920] [Server thread/INFO] [net.minecraft.server.MinecraftServer/]: Ghost2026yT left the game
[04Oct2025 01:36:38.912] [Server thread/INFO] [net.minecraft.server.MinecraftServer/]: Stopping server
[04Oct2025 01:36:39.014] [Server thread/INFO] [net.minecraft.server.MinecraftServer/]: Saving players
[04Oct2025 01:36:39.016] [Server thread/INFO] [net.minecraft.server.MinecraftServer/]: Saving worlds
[04Oct2025 01:36:39.263] [Server thread/INFO] [net.minecraft.server.MinecraftServer/]: Saving chunks for level 'ServerLevel[world]'/minecraft:overworld
[04Oct2025 01:36:40.767] [Server thread/INFO] [net.minecraft.server.MinecraftServer/]: Saving chunks for level 'ServerLevel[world]'/minecraft:the_nether
[04Oct2025 01:36:40.770] [Server thread/INFO] [net.minecraft.server.MinecraftServer/]: Saving chunks for level 'ServerLevel[world]'/minecraft:the_end
[04Oct2025 01:36:40.795] [Server thread/INFO] [net.minecraft.server.MinecraftServer/]: ThreadedAnvilChunkStorage (world): All chunks are saved
[04Oct2025 01:36:40.796] [Server thread/INFO] [net.minecraft.server.MinecraftServer/]: ThreadedAnvilChunkStorage (DIM-1): All chunks are saved
[04Oct2025 01:36:40.796] [Server thread/INFO] [net.minecraft.server.MinecraftServer/]: ThreadedAnvilChunkStorage (DIM1): All chunks are saved
[04Oct2025 01:36:40.796] [Server thread/INFO] [net.minecraft.server.MinecraftServer/]: ThreadedAnvilChunkStorage: All dimensions are saved
